# JRE version: Java(TM) SE Runtime Environment (23.0.1+11) (build 23.0.1+11-39)
# Java VM: Java HotSpot(TM) 64-Bit Server VM (23.0.1+11-39, mixed mode, sharing, tiered, compressed oops, compressed class ptrs, g1 gc, windows-amd64)
GC Precious Log:
 CardTable entry size: 512
 Card Set container configuration: InlinePtr #cards 5 size 8 Array Of Cards #cards 10 size 36 Howl #buckets 4 coarsen threshold 1843 Howl Bitmap #cards 512 size 80 coarsen threshold 460 Card regions per heap region 1 cards per card region 2048
 CPUs: 8 total, 8 available
 Memory: 6989M
 Large Page Support: Disabled
 NUMA Support: Disabled
 Compressed Oops: Enabled (32-bit)
 Heap Region Size: 1M
 Heap Min Capacity: 8M
 Heap Initial Capacity: 110M
 Heap Max Capacity: 1748M
 Pre-touch: Disabled
 Parallel Workers: 8
 Concurrent Workers: 2
 Concurrent Refinement Workers: 8
 Periodic GC: Disabled
Heap:
 garbage-first heap   total reserved 1789952K, committed 34816K, used 10317K [0x0000000092c00000, 0x0000000100000000)
  region size 1024K, 4 young (4096K), 3 survivors (3072K)
 Metaspace       used 26465K, committed 27136K, reserved 1114112K
  class space    used 3092K, committed 3392K, reserved 1048576K
GC Heap History (6 events):
Event: 2.070 GC heap before
{Heap before GC invocations=0 (full 0):
 garbage-first heap   total reserved 1789952K, committed 112640K, used 24576K [0x0000000092c00000, 0x0000000100000000)
  region size 1024K, 24 young (24576K), 0 survivors (0K)
 Metaspace       used 12610K, committed 12928K, reserved 1114112K
  class space    used 1460K, committed 1600K, reserved 1048576K
}
Event: 2.082 GC heap after
{Heap after GC invocations=1 (full 0):
 garbage-first heap   total reserved 1789952K, committed 112640K, used 5205K [0x0000000092c00000, 0x0000000100000000)
  region size 1024K, 3 young (3072K), 3 survivors (3072K)
 Metaspace       used 12610K, committed 12928K, reserved 1114112K
  class space    used 1460K, committed 1600K, reserved 1048576K
}
Event: 3.798 GC heap before
{Heap before GC invocations=1 (full 0):
 garbage-first heap   total reserved 1789952K, committed 112640K, used 21589K [0x0000000092c00000, 0x0000000100000000)
  region size 1024K, 21 young (21504K), 3 survivors (3072K)
 Metaspace       used 21199K, committed 21504K, reserved 1114112K
  class space    used 2457K, committed 2624K, reserved 1048576K
}
Event: 3.804 GC heap after
{Heap after GC invocations=2 (full 0):
 garbage-first heap   total reserved 1789952K, committed 112640K, used 8637K [0x0000000092c00000, 0x0000000100000000)
  region size 1024K, 4 young (4096K), 4 survivors (4096K)
 Metaspace       used 21199K, committed 21504K, reserved 1114112K
  class space    used 2457K, committed 2624K, reserved 1048576K
}
Event: 42.990 GC heap before
{Heap before GC invocations=3 (full 0):
 garbage-first heap   total reserved 1789952K, committed 34816K, used 25021K [0x0000000092c00000, 0x0000000100000000)
  region size 1024K, 20 young (20480K), 4 survivors (4096K)
 Metaspace       used 26462K, committed 27136K, reserved 1114112K
  class space    used 3092K, committed 3392K, reserved 1048576K
}
Event: 42.997 GC heap after
{Heap after GC invocations=4 (full 0):
 garbage-first heap   total reserved 1789952K, committed 34816K, used 10317K [0x0000000092c00000, 0x0000000100000000)
  region size 1024K, 3 young (3072K), 3 survivors (3072K)
 Metaspace       used 26462K, committed 27136K, reserved 1114112K
  class space    used 3092K, committed 3392K, reserved 1048576K
}

